<?xml version="1.0" encoding="UTF-8"?>
<testsuite name="test.AuthTest" tests="2" skipped="0" failures="0" errors="0" timestamp="2022-11-27T15:27:42" hostname="VIVOBOOK" time="5.784">
  <properties/>
  <testcase name="positiveTest()" classname="test.AuthTest" time="3.504"/>
  <testcase name="invalidPasswordThreeTimes()" classname="test.AuthTest" time="2.28"/>
  <system-out><![CDATA[]]></system-out>
  <system-err><![CDATA[SLF4J: Failed to load class "org.slf4j.impl.StaticLoggerBinder".
SLF4J: Defaulting to no-operation (NOP) logger implementation
SLF4J: See http://www.slf4j.org/codes.html#StaticLoggerBinder for further details.
Starting ChromeDriver 107.0.5304.62 (1eec40d3a5764881c92085aaee66d25075c159aa-refs/branch-heads/5304@{#942}) on port 36993
Only local connections are allowed.
Please see https://chromedriver.chromium.org/security-considerations for suggestions on keeping ChromeDriver safe.
ChromeDriver was started successfully.
нояб. 27, 2022 6:27:43 PM org.openqa.selenium.remote.ProtocolHandshake createSession
INFO: Detected dialect: W3C
]]></system-err>
</testsuite>
